# JRE version: OpenJDK Runtime Environment OpenLogic-OpenJDK (21.0.3+1) (build 21.0.3+1-adhoc.Administrator.jdk21u)
# Java VM: OpenJDK 64-Bit Server VM OpenLogic-OpenJDK (21.0.3+1-adhoc.Administrator.jdk21u, mixed mode, sharing, tiered, compressed oops, compressed class ptrs, g1 gc, windows-amd64)
GC Precious Log:
 CardTable entry size: 512
 Card Set container configuration: InlinePtr #cards 5 size 8 Array Of Cards #cards 12 size 40 Howl #buckets 4 coarsen threshold 1843 Howl Bitmap #cards 512 size 80 coarsen threshold 460 Card regions per heap region 1 cards per card region 2048
 CPUs: 4 total, 4 available
 Memory: 8070M
 Large Page Support: Disabled
 NUMA Support: Disabled
 Compressed Oops: Enabled (32-bit)
 Heap Region Size: 1M
 Heap Min Capacity: 8M
 Heap Initial Capacity: 128M
 Heap Max Capacity: 2G
 Pre-touch: Disabled
 Parallel Workers: 4
 Concurrent Workers: 1
 Concurrent Refinement Workers: 4
 Periodic GC: Disabled
Heap:
 garbage-first heap   total 249856K, used 173056K [0x0000000080000000, 0x0000000100000000)
  region size 1024K, 28 young (28672K), 8 survivors (8192K)
 Metaspace       used 108870K, committed 111296K, reserved 557056K
  class space    used 15267K, committed 16448K, reserved 425984K
GC Heap History (20 events):
Event: 112.651 GC heap before
{Heap before GC invocations=36 (full 0):
 garbage-first heap   total 171008K, used 151127K [0x0000000080000000, 0x0000000100000000)
  region size 1024K, 53 young (54272K), 2 survivors (2048K)
 Metaspace       used 92734K, committed 94976K, reserved 557056K
  class space    used 13207K, committed 14336K, reserved 425984K
}
Event: 112.660 GC heap after
{Heap after GC invocations=37 (full 0):
 garbage-first heap   total 171008K, used 98534K [0x0000000080000000, 0x0000000100000000)
  region size 1024K, 3 young (3072K), 3 survivors (3072K)
 Metaspace       used 92734K, committed 94976K, reserved 557056K
  class space    used 13207K, committed 14336K, reserved 425984K
}
Event: 116.529 GC heap before
{Heap before GC invocations=37 (full 0):
 garbage-first heap   total 171008K, used 157926K [0x0000000080000000, 0x0000000100000000)
  region size 1024K, 61 young (62464K), 3 survivors (3072K)
 Metaspace       used 95828K, committed 98176K, reserved 557056K
  class space    used 13633K, committed 14784K, reserved 425984K
}
Event: 116.543 GC heap after
{Heap after GC invocations=38 (full 0):
 garbage-first heap   total 171008K, used 103335K [0x0000000080000000, 0x0000000100000000)
  region size 1024K, 8 young (8192K), 8 survivors (8192K)
 Metaspace       used 95828K, committed 98176K, reserved 557056K
  class space    used 13633K, committed 14784K, reserved 425984K
}
Event: 119.526 GC heap before
{Heap before GC invocations=38 (full 0):
 garbage-first heap   total 171008K, used 145319K [0x0000000080000000, 0x0000000100000000)
  region size 1024K, 50 young (51200K), 8 survivors (8192K)
 Metaspace       used 96991K, committed 99328K, reserved 557056K
  class space    used 13821K, committed 14976K, reserved 425984K
}
Event: 119.542 GC heap after
{Heap after GC invocations=39 (full 0):
 garbage-first heap   total 171008K, used 109060K [0x0000000080000000, 0x0000000100000000)
  region size 1024K, 7 young (7168K), 7 survivors (7168K)
 Metaspace       used 96991K, committed 99328K, reserved 557056K
  class space    used 13821K, committed 14976K, reserved 425984K
}
Event: 122.731 GC heap before
{Heap before GC invocations=40 (full 0):
 garbage-first heap   total 199680K, used 156164K [0x0000000080000000, 0x0000000100000000)
  region size 1024K, 48 young (49152K), 7 survivors (7168K)
 Metaspace       used 97562K, committed 99968K, reserved 557056K
  class space    used 13882K, committed 15040K, reserved 425984K
}
Event: 122.749 GC heap after
{Heap after GC invocations=41 (full 0):
 garbage-first heap   total 199680K, used 127488K [0x0000000080000000, 0x0000000100000000)
  region size 1024K, 6 young (6144K), 6 survivors (6144K)
 Metaspace       used 97562K, committed 99968K, reserved 557056K
  class space    used 13882K, committed 15040K, reserved 425984K
}
Event: 126.932 GC heap before
{Heap before GC invocations=41 (full 0):
 garbage-first heap   total 199680K, used 173568K [0x0000000080000000, 0x0000000100000000)
  region size 1024K, 51 young (52224K), 6 survivors (6144K)
 Metaspace       used 99452K, committed 101888K, reserved 557056K
  class space    used 14095K, committed 15296K, reserved 425984K
}
Event: 126.947 GC heap after
{Heap after GC invocations=42 (full 0):
 garbage-first heap   total 199680K, used 133062K [0x0000000080000000, 0x0000000100000000)
  region size 1024K, 6 young (6144K), 6 survivors (6144K)
 Metaspace       used 99452K, committed 101888K, reserved 557056K
  class space    used 14095K, committed 15296K, reserved 425984K
}
Event: 130.156 GC heap before
{Heap before GC invocations=42 (full 0):
 garbage-first heap   total 199680K, used 177094K [0x0000000080000000, 0x0000000100000000)
  region size 1024K, 49 young (50176K), 6 survivors (6144K)
 Metaspace       used 102664K, committed 105024K, reserved 557056K
  class space    used 14583K, committed 15744K, reserved 425984K
}
Event: 130.167 GC heap after
{Heap after GC invocations=43 (full 0):
 garbage-first heap   total 199680K, used 135828K [0x0000000080000000, 0x0000000100000000)
  region size 1024K, 3 young (3072K), 3 survivors (3072K)
 Metaspace       used 102664K, committed 105024K, reserved 557056K
  class space    used 14583K, committed 15744K, reserved 425984K
}
Event: 134.192 GC heap before
{Heap before GC invocations=44 (full 0):
 garbage-first heap   total 232448K, used 179860K [0x0000000080000000, 0x0000000100000000)
  region size 1024K, 46 young (47104K), 3 survivors (3072K)
 Metaspace       used 106158K, committed 108608K, reserved 557056K
  class space    used 14977K, committed 16192K, reserved 425984K
}
Event: 134.205 GC heap after
{Heap after GC invocations=45 (full 0):
 garbage-first heap   total 232448K, used 139080K [0x0000000080000000, 0x0000000100000000)
  region size 1024K, 6 young (6144K), 6 survivors (6144K)
 Metaspace       used 106158K, committed 108608K, reserved 557056K
  class space    used 14977K, committed 16192K, reserved 425984K
}
Event: 136.355 GC heap before
{Heap before GC invocations=45 (full 0):
 garbage-first heap   total 232448K, used 201544K [0x0000000080000000, 0x0000000100000000)
  region size 1024K, 67 young (68608K), 6 survivors (6144K)
 Metaspace       used 107689K, committed 110144K, reserved 557056K
  class space    used 15153K, committed 16384K, reserved 425984K
}
Event: 136.374 GC heap after
{Heap after GC invocations=46 (full 0):
 garbage-first heap   total 232448K, used 143172K [0x0000000080000000, 0x0000000100000000)
  region size 1024K, 9 young (9216K), 9 survivors (9216K)
 Metaspace       used 107689K, committed 110144K, reserved 557056K
  class space    used 15153K, committed 16384K, reserved 425984K
}
Event: 166.068 GC heap before
{Heap before GC invocations=46 (full 0):
 garbage-first heap   total 232448K, used 203588K [0x0000000080000000, 0x0000000100000000)
  region size 1024K, 69 young (70656K), 9 survivors (9216K)
 Metaspace       used 108420K, committed 110912K, reserved 557056K
  class space    used 15229K, committed 16448K, reserved 425984K
}
Event: 166.090 GC heap after
{Heap after GC invocations=47 (full 0):
 garbage-first heap   total 232448K, used 147221K [0x0000000080000000, 0x0000000100000000)
  region size 1024K, 4 young (4096K), 4 survivors (4096K)
 Metaspace       used 108420K, committed 110912K, reserved 557056K
  class space    used 15229K, committed 16448K, reserved 425984K
}
Event: 190.148 GC heap before
{Heap before GC invocations=48 (full 0):
 garbage-first heap   total 249856K, used 207637K [0x0000000080000000, 0x0000000100000000)
  region size 1024K, 64 young (65536K), 4 survivors (4096K)
 Metaspace       used 108866K, committed 111296K, reserved 557056K
  class space    used 15267K, committed 16448K, reserved 425984K
}
Event: 190.161 GC heap after
{Heap after GC invocations=49 (full 0):
 garbage-first heap   total 249856K, used 153600K [0x0000000080000000, 0x0000000100000000)
  region size 1024K, 8 young (8192K), 8 survivors (8192K)
 Metaspace       used 108866K, committed 111296K, reserved 557056K
  class space    used 15267K, committed 16448K, reserved 425984K
}

